#-----------------------------------------------------------
# Vivado v2018.2 (64-bit)
# SW Build 2258646 on Thu Jun 14 20:02:38 MDT 2018
# IP Build 2256618 on Thu Jun 14 22:10:49 MDT 2018
# Start of session at: Wed Nov 21 13:02:39 2018
# Process ID: 14245
# Current directory: /home/mghorbani/workspace/simulations/kf-hls-work/proj/tb-kf-hls
# Command line: vivado -mode tcl -log vivado_ipcores.log -journal vivado_ipcores.jou
# Log file: /home/mghorbani/workspace/simulations/kf-hls-work/proj/tb-kf-hls/vivado_ipcores.log
# Journal file: /home/mghorbani/workspace/simulations/kf-hls-work/proj/tb-kf-hls/vivado_ipcores.jou
#-----------------------------------------------------------
# Autogenerated project build script
# Wed Nov 21 13:03:09 2018
set outputDir /home/mghorbani/workspace/simulations/kf-hls-work/proj/tb-kf-hls/top
/home/mghorbani/workspace/simulations/kf-hls-work/proj/tb-kf-hls/top
file mkdir $outputDir
create_project top $outputDir -part xcku115-flvb1760-2-e -force
top
set_property ip_repo_paths {/home/mghorbani/workspace/simulations/kf-hls-work/src/kf/updater/firmware/cgn/HLS_IP_320MHz_KU115} [current_project]
set proj_top [get_projects top]
top
set_property "default_lib" "xil_defaultlib" $proj_top
set_property "simulator_language" "Mixed" $proj_top
set_property "source_mgmt_mode" "DisplayOnly" $proj_top
set_property "target_language" "VHDL" $proj_top
set_property target_simulator ModelSim [current_project]
set_property compxlib.modelsim_compiled_library_dir /home/mghorbani/.xilinx_sim_libs/2018.2 [current_project]
import_files -norecurse -fileset sources_1 /home/mghorbani/workspace/simulations/kf-hls-work/src/kf/updater/firmware/cgn/KalmanUpdateHLS_IP.xci
INFO: [IP_Flow 19-234] Refreshing IP repositories
INFO: [IP_Flow 19-1700] Loaded user IP repository '/home/mghorbani/workspace/simulations/kf-hls-work/src/kf/updater/firmware/cgn/HLS_IP_320MHz_KU115'.
INFO: [IP_Flow 19-2313] Loaded Vivado IP repository '/home/mghorbani/Xilinx/Vivado/2018.2/data/ip'.
WARNING: [IP_Flow 19-2162] IP 'KalmanUpdateHLS_IP' is locked:
* IP definition 'Kalmanupdatehls (1.0)' for IP 'KalmanUpdateHLS_IP' (customized with software release 2018.1) has a different revision in the IP Catalog.
Please select 'Report IP Status' from the 'Tools/Report' menu or run Tcl command 'report_ip_status' for more information.
import_files: Time (s): cpu = 00:00:07 ; elapsed = 00:00:13 . Memory (MB): peak = 1756.793 ; gain = 462.219 ; free physical = 1186 ; free virtual = 12993
/home/mghorbani/workspace/simulations/kf-hls-work/proj/tb-kf-hls/top/top.srcs/sources_1/ip/KalmanUpdateHLS_IP/KalmanUpdateHLS_IP.xci
import_files -norecurse -fileset sources_1 /home/mghorbani/workspace/simulations/kf-hls-work/src/kf/framework/firmware/cgn/RAM_64x22.xci
/home/mghorbani/workspace/simulations/kf-hls-work/proj/tb-kf-hls/top/top.srcs/sources_1/ip/RAM_64x22/RAM_64x22.xci
import_files -norecurse -fileset sources_1 /home/mghorbani/workspace/simulations/kf-hls-work/src/kf/framework/firmware/cgn/RAM_512x72.xci
WARNING: [IP_Flow 19-2162] IP 'RAM_512x72' is locked:
* IP definition 'Block Memory Generator (8.2)' for IP 'RAM_512x72' (customized with software release 2015.2) has a newer minor version in the IP Catalog.
* Current project part 'xcku115-flvb1760-2-e' and the part 'xc7vx690tffg1927-3' used to customize the IP 'RAM_512x72' do not match.
Please select 'Report IP Status' from the 'Tools/Report' menu or run Tcl command 'report_ip_status' for more information.
/home/mghorbani/workspace/simulations/kf-hls-work/proj/tb-kf-hls/top/top.srcs/sources_1/ip/RAM_512x72/RAM_512x72.xci
import_files -norecurse -fileset sources_1 /home/mghorbani/workspace/simulations/kf-hls-work/src/kf/framework/firmware/cgn/RAM_512x36.xci
WARNING: [IP_Flow 19-2162] IP 'RAM_512x36' is locked:
* IP definition 'Block Memory Generator (8.3)' for IP 'RAM_512x36' (customized with software release 2016.3) has a newer minor version in the IP Catalog.
* IP definition 'Block Memory Generator (8.3)' for IP 'RAM_512x36' (customized with software release 2016.3) has a different revision in the IP Catalog.
* Current project part 'xcku115-flvb1760-2-e' and the part 'xc7vx690tffg1927-3' used to customize the IP 'RAM_512x36' do not match.
Please select 'Report IP Status' from the 'Tools/Report' menu or run Tcl command 'report_ip_status' for more information.
/home/mghorbani/workspace/simulations/kf-hls-work/proj/tb-kf-hls/top/top.srcs/sources_1/ip/RAM_512x36/RAM_512x36.xci
upgrade_ip [get_ips KalmanUpdateHLS_IP RAM_64x22 RAM_512x72 RAM_512x36]
Upgrading 'KalmanUpdateHLS_IP'
INFO: [IP_Flow 19-3422] Upgraded KalmanUpdateHLS_IP (Kalmanupdatehls 1.0) from revision 1806282246 to revision 1810232203
INFO: [IP_Flow 19-1686] Generating 'Instantiation Template' target for IP 'KalmanUpdateHLS_IP'...
Upgrading 'RAM_512x36'
INFO: [Device 21-403] Loading part xcku115-flvb1760-2-e
INFO: [IP_Flow 19-1972] Upgraded RAM_512x36 from Block Memory Generator 8.3 to Block Memory Generator 8.4
INFO: [IP_Flow 19-1686] Generating 'Instantiation Template' target for IP 'RAM_512x36'...
Upgrading 'RAM_512x72'
INFO: [IP_Flow 19-1972] Upgraded RAM_512x72 from Block Memory Generator 8.2 to Block Memory Generator 8.4
INFO: [IP_Flow 19-1686] Generating 'Instantiation Template' target for IP 'RAM_512x72'...
upgrade_ip: Time (s): cpu = 00:00:17 ; elapsed = 00:00:45 . Memory (MB): peak = 1966.484 ; gain = 169.426 ; free physical = 556 ; free virtual = 12448
/home/mghorbani/workspace/simulations/kf-hls-work/proj/tb-kf-hls/top/top.srcs/sources_1/ip/KalmanUpdateHLS_IP/KalmanUpdateHLS_IP.xci /home/mghorbani/workspace/simulations/kf-hls-work/proj/tb-kf-hls/top/top.srcs/sources_1/ip/RAM_512x36/RAM_512x36.xci /home/mghorbani/workspace/simulations/kf-hls-work/proj/tb-kf-hls/top/top.srcs/sources_1/ip/RAM_512x72/RAM_512x72.xci
generate_target simulation [get_files KalmanUpdateHLS_IP.xci]
INFO: [IP_Flow 19-1686] Generating 'Simulation' target for IP 'KalmanUpdateHLS_IP'...
generate_target simulation [get_files RAM_64x22.xci]
INFO: [IP_Flow 19-1686] Generating 'Simulation' target for IP 'RAM_64x22'...
generate_target simulation [get_files RAM_512x72.xci]
INFO: [IP_Flow 19-1686] Generating 'Simulation' target for IP 'RAM_512x72'...
generate_target simulation [get_files RAM_512x36.xci]
INFO: [IP_Flow 19-1686] Generating 'Simulation' target for IP 'RAM_512x36'...
set_property top top [get_filesets sim_1]
export_simulation -force -simulator modelsim -directory ipcores_sim -lib_map_path /home/mghorbani/.xilinx_sim_libs/2018.2
INFO: [exportsim-Tcl-35] Exporting simulation files for "MODELSIM" (Mentor Graphics ModelSim Simulator)...
WARNING: [Vivado 12-3672] The is_managed property should only be queried on the file object representing this IP. Use the get_files command to access file objects.
WARNING: [Vivado 12-3670] The generate_synth_checkpoint property should only be queried on the file object representing this IP. Use the get_files command to access file objects.
WARNING: [Vivado 12-3672] The is_managed property should only be queried on the file object representing this IP. Use the get_files command to access file objects.
WARNING: [Vivado 12-3670] The generate_synth_checkpoint property should only be queried on the file object representing this IP. Use the get_files command to access file objects.
WARNING: [Vivado 12-3672] The is_managed property should only be queried on the file object representing this IP. Use the get_files command to access file objects.
WARNING: [Vivado 12-3670] The generate_synth_checkpoint property should only be queried on the file object representing this IP. Use the get_files command to access file objects.
WARNING: [Vivado 12-3672] The is_managed property should only be queried on the file object representing this IP. Use the get_files command to access file objects.
WARNING: [Vivado 12-3670] The generate_synth_checkpoint property should only be queried on the file object representing this IP. Use the get_files command to access file objects.
INFO: [exportsim-Tcl-29] Script generated: '/home/mghorbani/workspace/simulations/kf-hls-work/proj/tb-kf-hls/ipcores_sim/modelsim/top.sh'
quit
INFO: [Common 17-206] Exiting Vivado at Wed Nov 21 13:04:15 2018...
